0 info it worked if it ends with ok
1 verbose cli [ '/Users/itomblack/.nvm/versions/node/v4.2.3/bin/node',
1 verbose cli   '/Users/itomblack/.nvm/versions/node/v4.2.3/bin/npm',
1 verbose cli   'i' ]
2 info using npm@2.14.7
3 info using node@v4.2.3
4 verbose readDependencies loading dependencies from /Users/itomblack/Repos/iblack/package.json
5 warn package.json barebones-gulp-project@0.0.1 No license field.
6 verbose install where, deps [ '/Users/itomblack/Repos/iblack',
6 verbose install   [ 'connect',
6 verbose install     'connect-livereload',
6 verbose install     'gulp',
6 verbose install     'gulp-autoprefixer',
6 verbose install     'gulp-clean',
6 verbose install     'gulp-connect-php',
6 verbose install     'gulp-jshint',
6 verbose install     'gulp-livereload',
6 verbose install     'gulp-rimraf',
6 verbose install     'gulp-sass',
6 verbose install     'gulp-sequence',
6 verbose install     'jshint-stylish',
6 verbose install     'gulp-file-include',
6 verbose install     'rimraf' ] ]
7 verbose install where, peers [ '/Users/itomblack/Repos/iblack', [] ]
8 verbose installManyTop reading for lifecycle /Users/itomblack/Repos/iblack/package.json
9 info preinstall barebones-gulp-project@0.0.1
10 verbose installManyTop reading scoped package data from /Users/itomblack/Repos/iblack/node_modules/connect/package.json
11 verbose installManyTop reading scoped package data from /Users/itomblack/Repos/iblack/node_modules/connect-livereload/package.json
12 verbose installManyTop reading scoped package data from /Users/itomblack/Repos/iblack/node_modules/gulp/package.json
13 verbose installManyTop reading scoped package data from /Users/itomblack/Repos/iblack/node_modules/gulp-autoprefixer/package.json
14 verbose installManyTop reading scoped package data from /Users/itomblack/Repos/iblack/node_modules/gulp-clean/package.json
15 verbose installManyTop reading scoped package data from /Users/itomblack/Repos/iblack/node_modules/gulp-connect-php/package.json
16 verbose installManyTop reading scoped package data from /Users/itomblack/Repos/iblack/node_modules/gulp-file-include/package.json
17 verbose installManyTop reading scoped package data from /Users/itomblack/Repos/iblack/node_modules/gulp-jshint/package.json
18 verbose installManyTop reading scoped package data from /Users/itomblack/Repos/iblack/node_modules/gulp-livereload/package.json
19 verbose installManyTop reading scoped package data from /Users/itomblack/Repos/iblack/node_modules/gulp-rimraf/package.json
20 verbose installManyTop reading scoped package data from /Users/itomblack/Repos/iblack/node_modules/gulp-sass/package.json
21 verbose installManyTop reading scoped package data from /Users/itomblack/Repos/iblack/node_modules/gulp-sequence/package.json
22 verbose installManyTop reading scoped package data from /Users/itomblack/Repos/iblack/node_modules/jshint-stylish/package.json
23 verbose installManyTop reading scoped package data from /Users/itomblack/Repos/iblack/node_modules/rimraf/package.json
24 info package.json connect-livereload@0.4.1 No license field.
25 info package.json gulp-clean@0.3.1 No license field.
26 info package.json gulp-jshint@1.3.4 No license field.
27 info package.json gulp-sequence@0.4.5 No license field.
28 verbose readDependencies loading dependencies from /Users/itomblack/Repos/iblack/package.json
29 verbose targetResolver reading package data from /Users/itomblack/Repos/iblack/node_modules/connect/package.json
30 verbose targetResolver reading package data from /Users/itomblack/Repos/iblack/node_modules/connect-livereload/package.json
31 verbose targetResolver reading package data from /Users/itomblack/Repos/iblack/node_modules/gulp/package.json
32 verbose targetResolver reading package data from /Users/itomblack/Repos/iblack/node_modules/gulp-autoprefixer/package.json
33 verbose targetResolver reading package data from /Users/itomblack/Repos/iblack/node_modules/gulp-clean/package.json
34 verbose targetResolver reading package data from /Users/itomblack/Repos/iblack/node_modules/gulp-connect-php/package.json
35 verbose targetResolver reading package data from /Users/itomblack/Repos/iblack/node_modules/gulp-file-include/package.json
36 verbose targetResolver reading package data from /Users/itomblack/Repos/iblack/node_modules/gulp-jshint/package.json
37 verbose targetResolver reading package data from /Users/itomblack/Repos/iblack/node_modules/gulp-livereload/package.json
38 verbose targetResolver reading package data from /Users/itomblack/Repos/iblack/node_modules/gulp-rimraf/package.json
39 verbose targetResolver reading package data from /Users/itomblack/Repos/iblack/node_modules/gulp-sass/package.json
40 verbose targetResolver reading package data from /Users/itomblack/Repos/iblack/node_modules/gulp-sequence/package.json
41 verbose targetResolver reading package data from /Users/itomblack/Repos/iblack/node_modules/jshint-stylish/package.json
42 verbose targetResolver reading package data from /Users/itomblack/Repos/iblack/node_modules/rimraf/package.json
43 verbose targetResolver reading package data from /Users/itomblack/Repos/iblack/node_modules/.bin/gulp/package.json
44 verbose targetResolver reading package data from /Users/itomblack/Repos/iblack/node_modules/.bin/rimraf/package.json
45 verbose already installed skipping gulp-connect-php@0.0.7 /Users/itomblack/Repos/iblack
46 verbose already installed skipping gulp-jshint@~1.3.4 /Users/itomblack/Repos/iblack
47 verbose already installed skipping gulp-livereload@~1.5.0 /Users/itomblack/Repos/iblack
48 verbose already installed skipping gulp-rimraf@^0.2.0 /Users/itomblack/Repos/iblack
49 verbose already installed skipping gulp-sass@^0.7.2 /Users/itomblack/Repos/iblack
50 verbose already installed skipping gulp-sequence@^0.4.4 /Users/itomblack/Repos/iblack
51 silly cache add args [ 'jshint-stylish@http://github.com/markdurrant/jshint-stylish/tarball/master',
51 silly cache add   null ]
52 verbose cache add spec jshint-stylish@http://github.com/markdurrant/jshint-stylish/tarball/master
53 verbose already installed skipping gulp-file-include@^0.13.7 /Users/itomblack/Repos/iblack
54 verbose already installed skipping rimraf@^2.5.0 /Users/itomblack/Repos/iblack
55 verbose already installed skipping connect@~2.17.1 /Users/itomblack/Repos/iblack
56 verbose already installed skipping connect-livereload@~0.4.0 /Users/itomblack/Repos/iblack
57 silly cache add parsed spec Result {
57 silly cache add   raw: 'jshint-stylish@http://github.com/markdurrant/jshint-stylish/tarball/master',
57 silly cache add   scope: null,
57 silly cache add   name: 'jshint-stylish',
57 silly cache add   rawSpec: 'http://github.com/markdurrant/jshint-stylish/tarball/master',
57 silly cache add   spec: 'http://github.com/markdurrant/jshint-stylish/tarball/master',
57 silly cache add   type: 'remote' }
58 silly mapToRegistry name jshint-stylish@http://github.com/markdurrant/jshint-stylish/tarball/master
59 silly mapToRegistry using default registry
60 silly mapToRegistry registry https://registry.npmjs.org/
61 silly mapToRegistry uri https://registry.npmjs.org/jshint-stylish@http://github.com/markdurrant/jshint-stylish/tarball/master
62 verbose addRemoteTarball http://github.com/markdurrant/jshint-stylish/tarball/master not in flight; adding
63 verbose addRemoteTarball [ 'http://github.com/markdurrant/jshint-stylish/tarball/master',
63 verbose addRemoteTarball   null ]
64 verbose already installed skipping gulp@^3.7.0 /Users/itomblack/Repos/iblack
65 info retry fetch attempt 1 at 3:37:50 PM
66 info attempt registry request try #1 at 3:37:50 PM
67 http fetch GET http://github.com/markdurrant/jshint-stylish/tarball/master
68 verbose request id b2fdf6d99645bf28
69 verbose already installed skipping gulp-autoprefixer@0.0.7 /Users/itomblack/Repos/iblack
70 verbose already installed skipping gulp-clean@^0.3.1 /Users/itomblack/Repos/iblack
71 http fetch 200 http://github.com/markdurrant/jshint-stylish/tarball/master
72 silly fetchAndShaCheck shasum 44587ad4edcd67e0b77c3556299c3841ca26d181
73 verbose addTmpTarball /var/folders/tx/8kz16m0s30358mmknr2sqf_h0000gn/T/npm-6417-1e78f0ec/github.com/markdurrant/jshint-stylish/tarball/master not in flight; adding
74 verbose addTmpTarball validating metadata from /var/folders/tx/8kz16m0s30358mmknr2sqf_h0000gn/T/npm-6417-1e78f0ec/github.com/markdurrant/jshint-stylish/tarball/master
75 verbose tar unpack /var/folders/tx/8kz16m0s30358mmknr2sqf_h0000gn/T/npm-6417-1e78f0ec/github.com/markdurrant/jshint-stylish/tarball/master
76 verbose tar unpacking to /var/folders/tx/8kz16m0s30358mmknr2sqf_h0000gn/T/npm-6417-1e78f0ec/unpack-e2e88b0d8ec6
77 silly gentlyRm /var/folders/tx/8kz16m0s30358mmknr2sqf_h0000gn/T/npm-6417-1e78f0ec/unpack-e2e88b0d8ec6 is being purged
78 verbose gentlyRm don't care about contents; nuking /var/folders/tx/8kz16m0s30358mmknr2sqf_h0000gn/T/npm-6417-1e78f0ec/unpack-e2e88b0d8ec6
79 silly gunzTarPerm modes [ '755', '644' ]
80 silly gunzTarPerm extractEntry
81 silly gunzTarPerm modified mode [ '', 509, 493 ]
82 silly gunzTarPerm extractEntry .editorconfig
83 silly gunzTarPerm modified mode [ '.editorconfig', 436, 420 ]
84 silly gunzTarPerm extractEntry .gitattributes
85 silly gunzTarPerm modified mode [ '.gitattributes', 436, 420 ]
86 silly gunzTarPerm extractEntry .gitignore
87 silly gunzTarPerm modified mode [ '.gitignore', 436, 420 ]
88 silly gunzTarPerm extractEntry .jshintrc
89 silly gunzTarPerm modified mode [ '.jshintrc', 436, 420 ]
90 silly gunzTarPerm extractEntry .travis.yml
91 silly gunzTarPerm modified mode [ '.travis.yml', 436, 420 ]
92 silly gunzTarPerm extractEntry index.js
93 silly gunzTarPerm modified mode [ 'index.js', 436, 420 ]
94 silly gunzTarPerm extractEntry package.json
95 silly gunzTarPerm modified mode [ 'package.json', 436, 420 ]
96 silly gunzTarPerm extractEntry readme.md
97 silly gunzTarPerm modified mode [ 'readme.md', 436, 420 ]
98 silly gunzTarPerm extractEntry screenshot-default-formatter.png
99 silly gunzTarPerm modified mode [ 'screenshot-default-formatter.png', 436, 420 ]
100 silly gunzTarPerm extractEntry screenshot.png
101 silly gunzTarPerm modified mode [ 'screenshot.png', 436, 420 ]
102 silly gunzTarPerm extractEntry stylish.js
103 silly gunzTarPerm modified mode [ 'stylish.js', 436, 420 ]
104 silly gunzTarPerm extractEntry test.js
105 silly gunzTarPerm modified mode [ 'test.js', 436, 420 ]
106 silly cache afterAdd jshint-stylish@0.1.5
107 verbose afterAdd /Users/itomblack/.npm/jshint-stylish/0.1.5/package/package.json not in flight; writing
108 verbose afterAdd /Users/itomblack/.npm/jshint-stylish/0.1.5/package/package.json written
109 info already installed jshint-stylish@0.1.5
110 silly install resolved []
111 info build /Users/itomblack/Repos/iblack
112 info linkStuff barebones-gulp-project@0.0.1
113 silly linkStuff barebones-gulp-project@0.0.1 has /Users/itomblack/Repos as its parent node_modules
114 verbose linkBins barebones-gulp-project@0.0.1
115 verbose linkMans barebones-gulp-project@0.0.1
116 verbose rebuildBundles barebones-gulp-project@0.0.1
117 verbose rebuildBundles [ '.bin',
117 verbose rebuildBundles   'connect',
117 verbose rebuildBundles   'connect-livereload',
117 verbose rebuildBundles   'gulp',
117 verbose rebuildBundles   'gulp-autoprefixer',
117 verbose rebuildBundles   'gulp-clean',
117 verbose rebuildBundles   'gulp-connect-php',
117 verbose rebuildBundles   'gulp-file-include',
117 verbose rebuildBundles   'gulp-jshint',
117 verbose rebuildBundles   'gulp-livereload',
117 verbose rebuildBundles   'gulp-rimraf',
117 verbose rebuildBundles   'gulp-sass',
117 verbose rebuildBundles   'gulp-sequence',
117 verbose rebuildBundles   'jshint-stylish',
117 verbose rebuildBundles   'rimraf' ]
118 info install barebones-gulp-project@0.0.1
119 verbose unsafe-perm in lifecycle true
120 info barebones-gulp-project@0.0.1 Failed to exec install script
121 verbose stack Error: barebones-gulp-project@0.0.1 install: `gulp sass`
121 verbose stack Exit status 1
121 verbose stack     at EventEmitter.<anonymous> (/Users/itomblack/.nvm/versions/node/v4.2.3/lib/node_modules/npm/lib/utils/lifecycle.js:214:16)
121 verbose stack     at emitTwo (events.js:87:13)
121 verbose stack     at EventEmitter.emit (events.js:172:7)
121 verbose stack     at ChildProcess.<anonymous> (/Users/itomblack/.nvm/versions/node/v4.2.3/lib/node_modules/npm/lib/utils/spawn.js:24:14)
121 verbose stack     at emitTwo (events.js:87:13)
121 verbose stack     at ChildProcess.emit (events.js:172:7)
121 verbose stack     at maybeClose (internal/child_process.js:818:16)
121 verbose stack     at Process.ChildProcess._handle.onexit (internal/child_process.js:211:5)
122 verbose pkgid barebones-gulp-project@0.0.1
123 verbose cwd /Users/itomblack/Repos/iblack
124 error Darwin 14.5.0
125 error argv "/Users/itomblack/.nvm/versions/node/v4.2.3/bin/node" "/Users/itomblack/.nvm/versions/node/v4.2.3/bin/npm" "i"
126 error node v4.2.3
127 error npm  v2.14.7
128 error code ELIFECYCLE
129 error barebones-gulp-project@0.0.1 install: `gulp sass`
129 error Exit status 1
130 error Failed at the barebones-gulp-project@0.0.1 install script 'gulp sass'.
130 error This is most likely a problem with the barebones-gulp-project package,
130 error not with npm itself.
130 error Tell the author that this fails on your system:
130 error     gulp sass
130 error You can get their info via:
130 error     npm owner ls barebones-gulp-project
130 error There is likely additional logging output above.
131 verbose exit [ 1, true ]
